<?xml version="1.0" encoding="UTF-8"?>
<robot generator="Robot 7.0 (Python 3.12.4 on win32)" generated="2024-11-04T15:33:39.382912" rpa="false" schemaversion="5">
<suite id="s1" name="homePage" source="d:\work\noon\tests\homePage.robot">
<test id="s1-t1" name="Test Case 1" line="10">
<kw name="GO TO Home Page" owner="commonKeywords">
<kw name="Open Browser" owner="SeleniumLibrary">
<msg time="2024-11-04T15:33:39.883520" level="INFO">Opening browser 'chrome' to base url 'https://www.noon.com/'.</msg>
<arg>${baseUrl}</arg>
<arg>chrome</arg>
<doc>Opens a new browser instance to the optional ``url``.</doc>
<status status="PASS" start="2024-11-04T15:33:39.883520" elapsed="11.398084"/>
</kw>
<kw name="Maximize Browser Window" owner="SeleniumLibrary">
<doc>Maximizes current browser window.</doc>
<status status="PASS" start="2024-11-04T15:33:51.281604" elapsed="0.140565"/>
</kw>
<kw name="Wait Until Element Is Visible" owner="SeleniumLibrary">
<msg time="2024-11-04T15:33:56.781585" level="INFO" html="true">&lt;/td&gt;&lt;/tr&gt;&lt;tr&gt;&lt;td colspan="3"&gt;&lt;a href="selenium-screenshot-1.png"&gt;&lt;img src="selenium-screenshot-1.png" width="800px"&gt;&lt;/a&gt;</msg>
<msg time="2024-11-04T15:33:56.782747" level="FAIL">Element '//div[@class="sc-ce86c11a-2 ggGusF"]//button[@class="sc-d33bd3f5-1 dgQbMR"]//img[@alt="country-eg"]' not visible after 5 seconds.</msg>
<arg>${contryFlag}</arg>
<doc>Waits until the element ``locator`` is visible.</doc>
<status status="FAIL" start="2024-11-04T15:33:51.422169" elapsed="5.365591">Element '//div[@class="sc-ce86c11a-2 ggGusF"]//button[@class="sc-d33bd3f5-1 dgQbMR"]//img[@alt="country-eg"]' not visible after 5 seconds.</status>
</kw>
<status status="FAIL" start="2024-11-04T15:33:39.882520" elapsed="16.905240">Element '//div[@class="sc-ce86c11a-2 ggGusF"]//button[@class="sc-d33bd3f5-1 dgQbMR"]//img[@alt="country-eg"]' not visible after 5 seconds.</status>
</kw>
<status status="FAIL" start="2024-11-04T15:33:39.881519" elapsed="16.907243">Element '//div[@class="sc-ce86c11a-2 ggGusF"]//button[@class="sc-d33bd3f5-1 dgQbMR"]//img[@alt="country-eg"]' not visible after 5 seconds.</status>
</test>
<kw name="Close Browser" owner="SeleniumLibrary" type="TEARDOWN">
<doc>Closes the current browser.</doc>
<status status="PASS" start="2024-11-04T15:33:56.789759" elapsed="2.221283"/>
</kw>
<status status="FAIL" start="2024-11-04T15:33:39.386914" elapsed="19.625151"/>
</suite>
<statistics>
<total>
<stat pass="0" fail="1" skip="0">All Tests</stat>
</total>
<tag>
</tag>
<suite>
<stat pass="0" fail="1" skip="0" id="s1" name="homePage">homePage</stat>
</suite>
</statistics>
<errors>
</errors>
</robot>
