<?xml version="1.0" encoding="UTF-8"?>
<robot generator="Robot 7.0 (Python 3.12.4 on win32)" generated="2024-11-10T02:44:48.389606" rpa="false" schemaversion="5">
<suite id="s1" name="homePage" source="D:\work\dubizzle\tests\homePage.robot">
<test id="s1-t1" name="Search with Multiple Filters" line="19">
<kw name="Open Browser and Maximize" owner="homePage">
<kw name="Open Browser" owner="SeleniumLibrary">
<msg time="2024-11-10T02:44:48.917947" level="INFO">Opening browser 'chrome' to base url 'https://www.dubizzle.com.eg/en/'.</msg>
<arg>${baseUrl}</arg>
<arg>chrome</arg>
<doc>Opens a new browser instance to the optional ``url``.</doc>
<status status="PASS" start="2024-11-10T02:44:48.917947" elapsed="4.691184"/>
</kw>
<kw name="Maximize Browser Window" owner="SeleniumLibrary">
<doc>Maximizes current browser window.</doc>
<status status="PASS" start="2024-11-10T02:44:53.609131" elapsed="0.063609"/>
</kw>
<kw name="Wait Until Element Is Visible" owner="SeleniumLibrary">
<arg>${dubizzleLogoPath}</arg>
<doc>Waits until the element ``locator`` is visible.</doc>
<status status="PASS" start="2024-11-10T02:44:53.672740" elapsed="0.046502"/>
</kw>
<status status="PASS" start="2024-11-10T02:44:48.916957" elapsed="4.802285"/>
</kw>
<kw name="Search with Multiple Filters" owner="homePage">
<kw name="Search For Product" owner="homePage">
<kw name="Input Text" owner="SeleniumLibrary">
<msg time="2024-11-10T02:44:53.722221" level="INFO">Typing text 'iphone' into text field 'xpath=//div[@class="_5aeede43"]//input[@type="search"]'.</msg>
<arg>${searchBarFieldPath}</arg>
<arg>${productName}</arg>
<doc>Types the given ``text`` into the text field identified by ``locator``.</doc>
<status status="PASS" start="2024-11-10T02:44:53.721241" elapsed="0.218660"/>
</kw>
<kw name="Click Element" owner="SeleniumLibrary">
<msg time="2024-11-10T02:44:53.940903" level="INFO">Clicking element 'xpath=//button[@aria-label="Search"]'.</msg>
<arg>${searchbuttonpath}</arg>
<doc>Click the element identified by ``locator``.</doc>
<status status="PASS" start="2024-11-10T02:44:53.940903" elapsed="0.346336"/>
</kw>
<kw name="Wait Until Element Is Visible" owner="SeleniumLibrary">
<arg>${searchResultPath}</arg>
<doc>Waits until the element ``locator`` is visible.</doc>
<status status="PASS" start="2024-11-10T02:44:54.287239" elapsed="0.101016"/>
</kw>
<kw name="Get WebElements" owner="SeleniumLibrary">
<msg time="2024-11-10T02:44:54.419788" level="INFO">@{searchResult} = [ &lt;selenium.webdriver.remote.webelement.WebElement (session="9ebdb7d7f9d2fa6e19b69fd4be6fea69", element="f.1BD39B427EB507158C34479E60AFE38E.d.49772013F620B772C83E88C491DFE5B0.e.5019")&gt; | &lt;selenium.web...</msg>
<var>@{searchResult}</var>
<arg>${searchResultPath}</arg>
<doc>Returns a list of WebElement objects matching the ``locator``.</doc>
<status status="PASS" start="2024-11-10T02:44:54.388255" elapsed="0.031533"/>
</kw>
<kw name="Get Length" owner="BuiltIn">
<msg time="2024-11-10T02:44:54.420846" level="INFO">Length is 24.</msg>
<msg time="2024-11-10T02:44:54.420846" level="INFO">${listSize} = 24</msg>
<var>${listSize}</var>
<arg>${searchResult}</arg>
<doc>Returns and logs the length of the given item as an integer.</doc>
<status status="PASS" start="2024-11-10T02:44:54.420846" elapsed="0.000000"/>
</kw>
<kw name="Log" owner="BuiltIn">
<msg time="2024-11-10T02:44:54.420846" level="INFO">Number of search results: 24</msg>
<arg>Number of search results: ${listSize}</arg>
<doc>Logs the given message with the given level.</doc>
<status status="PASS" start="2024-11-10T02:44:54.420846" elapsed="0.000996"/>
</kw>
<for flavor="IN">
<iter>
<kw name="Get Text" owner="SeleniumLibrary">
<msg time="2024-11-10T02:44:54.447434" level="INFO">${elementText} = </msg>
<var>${elementText}</var>
<arg>${element}</arg>
<doc>Returns the text value of the element identified by ``locator``.</doc>
<status status="PASS" start="2024-11-10T02:44:54.421842" elapsed="0.025592"/>
</kw>
<kw name="Log" owner="BuiltIn">
<msg time="2024-11-10T02:44:54.447434" level="INFO">Product Name: </msg>
<arg>Product Name: ${elementText}</arg>
<doc>Logs the given message with the given level.</doc>
<status status="PASS" start="2024-11-10T02:44:54.447434" elapsed="0.000000"/>
</kw>
<var name="${element}">&lt;selenium.webdriver.remote.webelement.WebElement (session="9ebdb7d7f9d2fa6e19b69fd4be6fea69", element="f.1BD39B427EB507158C34479E60AFE38E.d.49772013F620B772C83E88C491DFE5B0.e.5019")&gt;</var>
<status status="PASS" start="2024-11-10T02:44:54.421842" elapsed="0.025592"/>
</iter>
<iter>
<kw name="Get Text" owner="SeleniumLibrary">
<msg time="2024-11-10T02:44:54.458399" level="INFO">${elementText} = </msg>
<var>${elementText}</var>
<arg>${element}</arg>
<doc>Returns the text value of the element identified by ``locator``.</doc>
<status status="PASS" start="2024-11-10T02:44:54.448440" elapsed="0.009959"/>
</kw>
<kw name="Log" owner="BuiltIn">
<msg time="2024-11-10T02:44:54.459402" level="INFO">Product Name: </msg>
<arg>Product Name: ${elementText}</arg>
<doc>Logs the given message with the given level.</doc>
<status status="PASS" start="2024-11-10T02:44:54.458399" elapsed="0.001003"/>
</kw>
<var name="${element}">&lt;selenium.webdriver.remote.webelement.WebElement (session="9ebdb7d7f9d2fa6e19b69fd4be6fea69", element="f.1BD39B427EB507158C34479E60AFE38E.d.49772013F620B772C83E88C491DFE5B0.e.5025")&gt;</var>
<status status="PASS" start="2024-11-10T02:44:54.448440" elapsed="0.010962"/>
</iter>
<iter>
<kw name="Get Text" owner="SeleniumLibrary">
<msg time="2024-11-10T02:44:54.486187" level="INFO">${elementText} = </msg>
<var>${elementText}</var>
<arg>${element}</arg>
<doc>Returns the text value of the element identified by ``locator``.</doc>
<status status="PASS" start="2024-11-10T02:44:54.459402" elapsed="0.026785"/>
</kw>
<kw name="Log" owner="BuiltIn">
<msg time="2024-11-10T02:44:54.487274" level="INFO">Product Name: </msg>
<arg>Product Name: ${elementText}</arg>
<doc>Logs the given message with the given level.</doc>
<status status="PASS" start="2024-11-10T02:44:54.486187" elapsed="0.001087"/>
</kw>
<var name="${element}">&lt;selenium.webdriver.remote.webelement.WebElement (session="9ebdb7d7f9d2fa6e19b69fd4be6fea69", element="f.1BD39B427EB507158C34479E60AFE38E.d.49772013F620B772C83E88C491DFE5B0.e.5031")&gt;</var>
<status status="PASS" start="2024-11-10T02:44:54.459402" elapsed="0.027872"/>
</iter>
<iter>
<kw name="Get Text" owner="SeleniumLibrary">
<msg time="2024-11-10T02:44:54.497252" level="INFO">${elementText} = </msg>
<var>${elementText}</var>
<arg>${element}</arg>
<doc>Returns the text value of the element identified by ``locator``.</doc>
<status status="PASS" start="2024-11-10T02:44:54.487274" elapsed="0.009978"/>
</kw>
<kw name="Log" owner="BuiltIn">
<msg time="2024-11-10T02:44:54.498250" level="INFO">Product Name: </msg>
<arg>Product Name: ${elementText}</arg>
<doc>Logs the given message with the given level.</doc>
<status status="PASS" start="2024-11-10T02:44:54.497252" elapsed="0.000998"/>
</kw>
<var name="${element}">&lt;selenium.webdriver.remote.webelement.WebElement (session="9ebdb7d7f9d2fa6e19b69fd4be6fea69", element="f.1BD39B427EB507158C34479E60AFE38E.d.49772013F620B772C83E88C491DFE5B0.e.5037")&gt;</var>
<status status="PASS" start="2024-11-10T02:44:54.487274" elapsed="0.010976"/>
</iter>
<iter>
<kw name="Get Text" owner="SeleniumLibrary">
<msg time="2024-11-10T02:44:54.546242" level="INFO">${elementText} = </msg>
<var>${elementText}</var>
<arg>${element}</arg>
<doc>Returns the text value of the element identified by ``locator``.</doc>
<status status="PASS" start="2024-11-10T02:44:54.498250" elapsed="0.047992"/>
</kw>
<kw name="Log" owner="BuiltIn">
<msg time="2024-11-10T02:44:54.546242" level="INFO">Product Name: </msg>
<arg>Product Name: ${elementText}</arg>
<doc>Logs the given message with the given level.</doc>
<status status="PASS" start="2024-11-10T02:44:54.546242" elapsed="0.000000"/>
</kw>
<var name="${element}">&lt;selenium.webdriver.remote.webelement.WebElement (session="9ebdb7d7f9d2fa6e19b69fd4be6fea69", element="f.1BD39B427EB507158C34479E60AFE38E.d.49772013F620B772C83E88C491DFE5B0.e.5043")&gt;</var>
<status status="PASS" start="2024-11-10T02:44:54.498250" elapsed="0.047992"/>
</iter>
<iter>
<kw name="Get Text" owner="SeleniumLibrary">
<msg time="2024-11-10T02:44:54.556242" level="INFO">${elementText} = </msg>
<var>${elementText}</var>
<arg>${element}</arg>
<doc>Returns the text value of the element identified by ``locator``.</doc>
<status status="PASS" start="2024-11-10T02:44:54.546242" elapsed="0.010000"/>
</kw>
<kw name="Log" owner="BuiltIn">
<msg time="2024-11-10T02:44:54.556242" level="INFO">Product Name: </msg>
<arg>Product Name: ${elementText}</arg>
<doc>Logs the given message with the given level.</doc>
<status status="PASS" start="2024-11-10T02:44:54.556242" elapsed="0.000000"/>
</kw>
<var name="${element}">&lt;selenium.webdriver.remote.webelement.WebElement (session="9ebdb7d7f9d2fa6e19b69fd4be6fea69", element="f.1BD39B427EB507158C34479E60AFE38E.d.49772013F620B772C83E88C491DFE5B0.e.5049")&gt;</var>
<status status="PASS" start="2024-11-10T02:44:54.546242" elapsed="0.010000"/>
</iter>
<iter>
<kw name="Get Text" owner="SeleniumLibrary">
<msg time="2024-11-10T02:44:54.568342" level="INFO">${elementText} = </msg>
<var>${elementText}</var>
<arg>${element}</arg>
<doc>Returns the text value of the element identified by ``locator``.</doc>
<status status="PASS" start="2024-11-10T02:44:54.557293" elapsed="0.011049"/>
</kw>
<kw name="Log" owner="BuiltIn">
<msg time="2024-11-10T02:44:54.568342" level="INFO">Product Name: </msg>
<arg>Product Name: ${elementText}</arg>
<doc>Logs the given message with the given level.</doc>
<status status="PASS" start="2024-11-10T02:44:54.568342" elapsed="0.000000"/>
</kw>
<var name="${element}">&lt;selenium.webdriver.remote.webelement.WebElement (session="9ebdb7d7f9d2fa6e19b69fd4be6fea69", element="f.1BD39B427EB507158C34479E60AFE38E.d.49772013F620B772C83E88C491DFE5B0.e.5055")&gt;</var>
<status status="PASS" start="2024-11-10T02:44:54.557293" elapsed="0.011049"/>
</iter>
<iter>
<kw name="Get Text" owner="SeleniumLibrary">
<msg time="2024-11-10T02:44:54.579555" level="INFO">${elementText} = </msg>
<var>${elementText}</var>
<arg>${element}</arg>
<doc>Returns the text value of the element identified by ``locator``.</doc>
<status status="PASS" start="2024-11-10T02:44:54.568342" elapsed="0.011213"/>
</kw>
<kw name="Log" owner="BuiltIn">
<msg time="2024-11-10T02:44:54.579555" level="INFO">Product Name: </msg>
<arg>Product Name: ${elementText}</arg>
<doc>Logs the given message with the given level.</doc>
<status status="PASS" start="2024-11-10T02:44:54.579555" elapsed="0.000000"/>
</kw>
<var name="${element}">&lt;selenium.webdriver.remote.webelement.WebElement (session="9ebdb7d7f9d2fa6e19b69fd4be6fea69", element="f.1BD39B427EB507158C34479E60AFE38E.d.49772013F620B772C83E88C491DFE5B0.e.5061")&gt;</var>
<status status="PASS" start="2024-11-10T02:44:54.568342" elapsed="0.011213"/>
</iter>
<iter>
<kw name="Get Text" owner="SeleniumLibrary">
<msg time="2024-11-10T02:44:54.588195" level="INFO">${elementText} = </msg>
<var>${elementText}</var>
<arg>${element}</arg>
<doc>Returns the text value of the element identified by ``locator``.</doc>
<status status="PASS" start="2024-11-10T02:44:54.579555" elapsed="0.008640"/>
</kw>
<kw name="Log" owner="BuiltIn">
<msg time="2024-11-10T02:44:54.589183" level="INFO">Product Name: </msg>
<arg>Product Name: ${elementText}</arg>
<doc>Logs the given message with the given level.</doc>
<status status="PASS" start="2024-11-10T02:44:54.589183" elapsed="0.000000"/>
</kw>
<var name="${element}">&lt;selenium.webdriver.remote.webelement.WebElement (session="9ebdb7d7f9d2fa6e19b69fd4be6fea69", element="f.1BD39B427EB507158C34479E60AFE38E.d.49772013F620B772C83E88C491DFE5B0.e.5067")&gt;</var>
<status status="PASS" start="2024-11-10T02:44:54.579555" elapsed="0.009628"/>
</iter>
<iter>
<kw name="Get Text" owner="SeleniumLibrary">
<msg time="2024-11-10T02:44:54.603197" level="INFO">${elementText} = </msg>
<var>${elementText}</var>
<arg>${element}</arg>
<doc>Returns the text value of the element identified by ``locator``.</doc>
<status status="PASS" start="2024-11-10T02:44:54.589183" elapsed="0.014014"/>
</kw>
<kw name="Log" owner="BuiltIn">
<msg time="2024-11-10T02:44:54.603197" level="INFO">Product Name: </msg>
<arg>Product Name: ${elementText}</arg>
<doc>Logs the given message with the given level.</doc>
<status status="PASS" start="2024-11-10T02:44:54.603197" elapsed="0.000000"/>
</kw>
<var name="${element}">&lt;selenium.webdriver.remote.webelement.WebElement (session="9ebdb7d7f9d2fa6e19b69fd4be6fea69", element="f.1BD39B427EB507158C34479E60AFE38E.d.49772013F620B772C83E88C491DFE5B0.e.5073")&gt;</var>
<status status="PASS" start="2024-11-10T02:44:54.589183" elapsed="0.014014"/>
</iter>
<iter>
<kw name="Get Text" owner="SeleniumLibrary">
<msg time="2024-11-10T02:44:54.612231" level="INFO">${elementText} = </msg>
<var>${elementText}</var>
<arg>${element}</arg>
<doc>Returns the text value of the element identified by ``locator``.</doc>
<status status="PASS" start="2024-11-10T02:44:54.603197" elapsed="0.009034"/>
</kw>
<kw name="Log" owner="BuiltIn">
<msg time="2024-11-10T02:44:54.613826" level="INFO">Product Name: </msg>
<arg>Product Name: ${elementText}</arg>
<doc>Logs the given message with the given level.</doc>
<status status="PASS" start="2024-11-10T02:44:54.613826" elapsed="0.000000"/>
</kw>
<var name="${element}">&lt;selenium.webdriver.remote.webelement.WebElement (session="9ebdb7d7f9d2fa6e19b69fd4be6fea69", element="f.1BD39B427EB507158C34479E60AFE38E.d.49772013F620B772C83E88C491DFE5B0.e.5079")&gt;</var>
<status status="PASS" start="2024-11-10T02:44:54.603197" elapsed="0.010629"/>
</iter>
<iter>
<kw name="Get Text" owner="SeleniumLibrary">
<msg time="2024-11-10T02:44:54.622042" level="INFO">${elementText} = </msg>
<var>${elementText}</var>
<arg>${element}</arg>
<doc>Returns the text value of the element identified by ``locator``.</doc>
<status status="PASS" start="2024-11-10T02:44:54.613826" elapsed="0.008216"/>
</kw>
<kw name="Log" owner="BuiltIn">
<msg time="2024-11-10T02:44:54.622042" level="INFO">Product Name: </msg>
<arg>Product Name: ${elementText}</arg>
<doc>Logs the given message with the given level.</doc>
<status status="PASS" start="2024-11-10T02:44:54.622042" elapsed="0.000000"/>
</kw>
<var name="${element}">&lt;selenium.webdriver.remote.webelement.WebElement (session="9ebdb7d7f9d2fa6e19b69fd4be6fea69", element="f.1BD39B427EB507158C34479E60AFE38E.d.49772013F620B772C83E88C491DFE5B0.e.5085")&gt;</var>
<status status="PASS" start="2024-11-10T02:44:54.613826" elapsed="0.008216"/>
</iter>
<iter>
<kw name="Get Text" owner="SeleniumLibrary">
<msg time="2024-11-10T02:44:54.632411" level="INFO">${elementText} = </msg>
<var>${elementText}</var>
<arg>${element}</arg>
<doc>Returns the text value of the element identified by ``locator``.</doc>
<status status="PASS" start="2024-11-10T02:44:54.622042" elapsed="0.010369"/>
</kw>
<kw name="Log" owner="BuiltIn">
<msg time="2024-11-10T02:44:54.632411" level="INFO">Product Name: </msg>
<arg>Product Name: ${elementText}</arg>
<doc>Logs the given message with the given level.</doc>
<status status="PASS" start="2024-11-10T02:44:54.632411" elapsed="0.000000"/>
</kw>
<var name="${element}">&lt;selenium.webdriver.remote.webelement.WebElement (session="9ebdb7d7f9d2fa6e19b69fd4be6fea69", element="f.1BD39B427EB507158C34479E60AFE38E.d.49772013F620B772C83E88C491DFE5B0.e.5091")&gt;</var>
<status status="PASS" start="2024-11-10T02:44:54.622042" elapsed="0.010369"/>
</iter>
<iter>
<kw name="Get Text" owner="SeleniumLibrary">
<msg time="2024-11-10T02:44:54.640365" level="INFO">${elementText} = </msg>
<var>${elementText}</var>
<arg>${element}</arg>
<doc>Returns the text value of the element identified by ``locator``.</doc>
<status status="PASS" start="2024-11-10T02:44:54.632411" elapsed="0.007954"/>
</kw>
<kw name="Log" owner="BuiltIn">
<msg time="2024-11-10T02:44:54.640365" level="INFO">Product Name: </msg>
<arg>Product Name: ${elementText}</arg>
<doc>Logs the given message with the given level.</doc>
<status status="PASS" start="2024-11-10T02:44:54.640365" elapsed="0.000000"/>
</kw>
<var name="${element}">&lt;selenium.webdriver.remote.webelement.WebElement (session="9ebdb7d7f9d2fa6e19b69fd4be6fea69", element="f.1BD39B427EB507158C34479E60AFE38E.d.49772013F620B772C83E88C491DFE5B0.e.5097")&gt;</var>
<status status="PASS" start="2024-11-10T02:44:54.632411" elapsed="0.008949"/>
</iter>
<iter>
<kw name="Get Text" owner="SeleniumLibrary">
<msg time="2024-11-10T02:44:54.650555" level="INFO">${elementText} = </msg>
<var>${elementText}</var>
<arg>${element}</arg>
<doc>Returns the text value of the element identified by ``locator``.</doc>
<status status="PASS" start="2024-11-10T02:44:54.641360" elapsed="0.009195"/>
</kw>
<kw name="Log" owner="BuiltIn">
<msg time="2024-11-10T02:44:54.651557" level="INFO">Product Name: </msg>
<arg>Product Name: ${elementText}</arg>
<doc>Logs the given message with the given level.</doc>
<status status="PASS" start="2024-11-10T02:44:54.650555" elapsed="0.001002"/>
</kw>
<var name="${element}">&lt;selenium.webdriver.remote.webelement.WebElement (session="9ebdb7d7f9d2fa6e19b69fd4be6fea69", element="f.1BD39B427EB507158C34479E60AFE38E.d.49772013F620B772C83E88C491DFE5B0.e.5103")&gt;</var>
<status status="PASS" start="2024-11-10T02:44:54.641360" elapsed="0.010197"/>
</iter>
<iter>
<kw name="Get Text" owner="SeleniumLibrary">
<msg time="2024-11-10T02:44:54.661642" level="INFO">${elementText} = </msg>
<var>${elementText}</var>
<arg>${element}</arg>
<doc>Returns the text value of the element identified by ``locator``.</doc>
<status status="PASS" start="2024-11-10T02:44:54.651557" elapsed="0.010085"/>
</kw>
<kw name="Log" owner="BuiltIn">
<msg time="2024-11-10T02:44:54.662651" level="INFO">Product Name: </msg>
<arg>Product Name: ${elementText}</arg>
<doc>Logs the given message with the given level.</doc>
<status status="PASS" start="2024-11-10T02:44:54.661642" elapsed="0.001009"/>
</kw>
<var name="${element}">&lt;selenium.webdriver.remote.webelement.WebElement (session="9ebdb7d7f9d2fa6e19b69fd4be6fea69", element="f.1BD39B427EB507158C34479E60AFE38E.d.49772013F620B772C83E88C491DFE5B0.e.5109")&gt;</var>
<status status="PASS" start="2024-11-10T02:44:54.651557" elapsed="0.011094"/>
</iter>
<iter>
<kw name="Get Text" owner="SeleniumLibrary">
<msg time="2024-11-10T02:44:54.704992" level="INFO">${elementText} = </msg>
<var>${elementText}</var>
<arg>${element}</arg>
<doc>Returns the text value of the element identified by ``locator``.</doc>
<status status="PASS" start="2024-11-10T02:44:54.662651" elapsed="0.042341"/>
</kw>
<kw name="Log" owner="BuiltIn">
<msg time="2024-11-10T02:44:54.705996" level="INFO">Product Name: </msg>
<arg>Product Name: ${elementText}</arg>
<doc>Logs the given message with the given level.</doc>
<status status="PASS" start="2024-11-10T02:44:54.704992" elapsed="0.001004"/>
</kw>
<var name="${element}">&lt;selenium.webdriver.remote.webelement.WebElement (session="9ebdb7d7f9d2fa6e19b69fd4be6fea69", element="f.1BD39B427EB507158C34479E60AFE38E.d.49772013F620B772C83E88C491DFE5B0.e.5115")&gt;</var>
<status status="PASS" start="2024-11-10T02:44:54.662651" elapsed="0.043345"/>
</iter>
<iter>
<kw name="Get Text" owner="SeleniumLibrary">
<msg time="2024-11-10T02:44:54.716597" level="INFO">${elementText} = </msg>
<var>${elementText}</var>
<arg>${element}</arg>
<doc>Returns the text value of the element identified by ``locator``.</doc>
<status status="PASS" start="2024-11-10T02:44:54.705996" elapsed="0.010601"/>
</kw>
<kw name="Log" owner="BuiltIn">
<msg time="2024-11-10T02:44:54.716597" level="INFO">Product Name: </msg>
<arg>Product Name: ${elementText}</arg>
<doc>Logs the given message with the given level.</doc>
<status status="PASS" start="2024-11-10T02:44:54.716597" elapsed="0.001004"/>
</kw>
<var name="${element}">&lt;selenium.webdriver.remote.webelement.WebElement (session="9ebdb7d7f9d2fa6e19b69fd4be6fea69", element="f.1BD39B427EB507158C34479E60AFE38E.d.49772013F620B772C83E88C491DFE5B0.e.5121")&gt;</var>
<status status="PASS" start="2024-11-10T02:44:54.705996" elapsed="0.011605"/>
</iter>
<iter>
<kw name="Get Text" owner="SeleniumLibrary">
<msg time="2024-11-10T02:44:54.726175" level="INFO">${elementText} = </msg>
<var>${elementText}</var>
<arg>${element}</arg>
<doc>Returns the text value of the element identified by ``locator``.</doc>
<status status="PASS" start="2024-11-10T02:44:54.717601" elapsed="0.009618"/>
</kw>
<kw name="Log" owner="BuiltIn">
<msg time="2024-11-10T02:44:54.727219" level="INFO">Product Name: </msg>
<arg>Product Name: ${elementText}</arg>
<doc>Logs the given message with the given level.</doc>
<status status="PASS" start="2024-11-10T02:44:54.727219" elapsed="0.000000"/>
</kw>
<var name="${element}">&lt;selenium.webdriver.remote.webelement.WebElement (session="9ebdb7d7f9d2fa6e19b69fd4be6fea69", element="f.1BD39B427EB507158C34479E60AFE38E.d.49772013F620B772C83E88C491DFE5B0.e.5127")&gt;</var>
<status status="PASS" start="2024-11-10T02:44:54.717601" elapsed="0.009618"/>
</iter>
<iter>
<kw name="Get Text" owner="SeleniumLibrary">
<msg time="2024-11-10T02:44:54.738584" level="INFO">${elementText} = </msg>
<var>${elementText}</var>
<arg>${element}</arg>
<doc>Returns the text value of the element identified by ``locator``.</doc>
<status status="PASS" start="2024-11-10T02:44:54.727219" elapsed="0.011365"/>
</kw>
<kw name="Log" owner="BuiltIn">
<msg time="2024-11-10T02:44:54.739635" level="INFO">Product Name: </msg>
<arg>Product Name: ${elementText}</arg>
<doc>Logs the given message with the given level.</doc>
<status status="PASS" start="2024-11-10T02:44:54.738584" elapsed="0.001051"/>
</kw>
<var name="${element}">&lt;selenium.webdriver.remote.webelement.WebElement (session="9ebdb7d7f9d2fa6e19b69fd4be6fea69", element="f.1BD39B427EB507158C34479E60AFE38E.d.49772013F620B772C83E88C491DFE5B0.e.5133")&gt;</var>
<status status="PASS" start="2024-11-10T02:44:54.727219" elapsed="0.012416"/>
</iter>
<iter>
<kw name="Get Text" owner="SeleniumLibrary">
<msg time="2024-11-10T02:44:54.753749" level="INFO">${elementText} = </msg>
<var>${elementText}</var>
<arg>${element}</arg>
<doc>Returns the text value of the element identified by ``locator``.</doc>
<status status="PASS" start="2024-11-10T02:44:54.739635" elapsed="0.014114"/>
</kw>
<kw name="Log" owner="BuiltIn">
<msg time="2024-11-10T02:44:54.753749" level="INFO">Product Name: </msg>
<arg>Product Name: ${elementText}</arg>
<doc>Logs the given message with the given level.</doc>
<status status="PASS" start="2024-11-10T02:44:54.753749" elapsed="0.000000"/>
</kw>
<var name="${element}">&lt;selenium.webdriver.remote.webelement.WebElement (session="9ebdb7d7f9d2fa6e19b69fd4be6fea69", element="f.1BD39B427EB507158C34479E60AFE38E.d.49772013F620B772C83E88C491DFE5B0.e.5139")&gt;</var>
<status status="PASS" start="2024-11-10T02:44:54.739635" elapsed="0.014114"/>
</iter>
<iter>
<kw name="Get Text" owner="SeleniumLibrary">
<msg time="2024-11-10T02:44:54.763754" level="INFO">${elementText} = </msg>
<var>${elementText}</var>
<arg>${element}</arg>
<doc>Returns the text value of the element identified by ``locator``.</doc>
<status status="PASS" start="2024-11-10T02:44:54.754748" elapsed="0.009006"/>
</kw>
<kw name="Log" owner="BuiltIn">
<msg time="2024-11-10T02:44:54.763754" level="INFO">Product Name: </msg>
<arg>Product Name: ${elementText}</arg>
<doc>Logs the given message with the given level.</doc>
<status status="PASS" start="2024-11-10T02:44:54.763754" elapsed="0.000000"/>
</kw>
<var name="${element}">&lt;selenium.webdriver.remote.webelement.WebElement (session="9ebdb7d7f9d2fa6e19b69fd4be6fea69", element="f.1BD39B427EB507158C34479E60AFE38E.d.49772013F620B772C83E88C491DFE5B0.e.5145")&gt;</var>
<status status="PASS" start="2024-11-10T02:44:54.754748" elapsed="0.009006"/>
</iter>
<iter>
<kw name="Get Text" owner="SeleniumLibrary">
<msg time="2024-11-10T02:44:54.772099" level="INFO">${elementText} = </msg>
<var>${elementText}</var>
<arg>${element}</arg>
<doc>Returns the text value of the element identified by ``locator``.</doc>
<status status="PASS" start="2024-11-10T02:44:54.763754" elapsed="0.008345"/>
</kw>
<kw name="Log" owner="BuiltIn">
<msg time="2024-11-10T02:44:54.773096" level="INFO">Product Name: </msg>
<arg>Product Name: ${elementText}</arg>
<doc>Logs the given message with the given level.</doc>
<status status="PASS" start="2024-11-10T02:44:54.772099" elapsed="0.000997"/>
</kw>
<var name="${element}">&lt;selenium.webdriver.remote.webelement.WebElement (session="9ebdb7d7f9d2fa6e19b69fd4be6fea69", element="f.1BD39B427EB507158C34479E60AFE38E.d.49772013F620B772C83E88C491DFE5B0.e.5151")&gt;</var>
<status status="PASS" start="2024-11-10T02:44:54.763754" elapsed="0.009342"/>
</iter>
<iter>
<kw name="Get Text" owner="SeleniumLibrary">
<msg time="2024-11-10T02:44:54.783057" level="INFO">${elementText} = </msg>
<var>${elementText}</var>
<arg>${element}</arg>
<doc>Returns the text value of the element identified by ``locator``.</doc>
<status status="PASS" start="2024-11-10T02:44:54.773096" elapsed="0.009961"/>
</kw>
<kw name="Log" owner="BuiltIn">
<msg time="2024-11-10T02:44:54.784059" level="INFO">Product Name: </msg>
<arg>Product Name: ${elementText}</arg>
<doc>Logs the given message with the given level.</doc>
<status status="PASS" start="2024-11-10T02:44:54.783057" elapsed="0.001002"/>
</kw>
<var name="${element}">&lt;selenium.webdriver.remote.webelement.WebElement (session="9ebdb7d7f9d2fa6e19b69fd4be6fea69", element="f.1BD39B427EB507158C34479E60AFE38E.d.49772013F620B772C83E88C491DFE5B0.e.5157")&gt;</var>
<status status="PASS" start="2024-11-10T02:44:54.773096" elapsed="0.010963"/>
</iter>
<var>${element}</var>
<value>@{searchResult}</value>
<status status="PASS" start="2024-11-10T02:44:54.421842" elapsed="0.362217"/>
</for>
<arg>${productName}</arg>
<status status="PASS" start="2024-11-10T02:44:53.721241" elapsed="1.062818"/>
</kw>
<kw name="Wait Until Element Is Visible" owner="SeleniumLibrary">
<arg>${minPricePath}</arg>
<arg>timeout=30s</arg>
<doc>Waits until the element ``locator`` is visible.</doc>
<status status="PASS" start="2024-11-10T02:44:54.784059" elapsed="0.569029"/>
</kw>
<kw name="Wait Until Element Is Enabled" owner="SeleniumLibrary">
<arg>${minPricePath}</arg>
<arg>timeout=20s</arg>
<doc>Waits until the element ``locator`` is enabled.</doc>
<status status="PASS" start="2024-11-10T02:44:55.353088" elapsed="0.022806"/>
</kw>
<kw name="Scroll Element Into View" owner="SeleniumLibrary">
<arg>${minPricePath}</arg>
<doc>Scrolls the element identified by ``locator`` into view.</doc>
<status status="PASS" start="2024-11-10T02:44:55.375894" elapsed="0.270255"/>
</kw>
<kw name="Input Text" owner="SeleniumLibrary">
<msg time="2024-11-10T02:44:55.647164" level="INFO">Typing text '1000' into text field 'xpath=//div[@class="_4532be3c"]//div[@class="_4fe2dfc1"]//div[@class="_5aeede43 a3b3711b"]//input[@placeholder="Min"]'.</msg>
<msg time="2024-11-10T02:44:56.042565" level="INFO" html="true">&lt;/td&gt;&lt;/tr&gt;&lt;tr&gt;&lt;td colspan="3"&gt;&lt;a href="selenium-screenshot-9.png"&gt;&lt;img src="selenium-screenshot-9.png" width="800px"&gt;&lt;/a&gt;</msg>
<msg time="2024-11-10T02:44:56.042565" level="FAIL">StaleElementReferenceException: Message: stale element reference: stale element not found in the current frame
  (Session info: chrome=130.0.6723.117); For documentation on this error, please visit: https://www.selenium.dev/documentation/webdriver/troubleshooting/errors#stale-element-reference-exception
Stacktrace:
	GetHandleVerifier [0x00007FF69F4438A5+3004357]
	(No symbol) [0x00007FF69F0D9970]
	(No symbol) [0x00007FF69EF8582A]
	(No symbol) [0x00007FF69EF8C2E2]
	(No symbol) [0x00007FF69EF8E637]
	(No symbol) [0x00007FF69EF8E6F0]
	(No symbol) [0x00007FF69EFD6A7C]
	(No symbol) [0x00007FF69EFD6B44]
	(No symbol) [0x00007FF69EFCC867]
	(No symbol) [0x00007FF69EFFBBDA]
	(No symbol) [0x00007FF69EFC92A6]
	(No symbol) [0x00007FF69EFFBDF0]
	(No symbol) [0x00007FF69F01BA4C]
	(No symbol) [0x00007FF69EFFB983]
	(No symbol) [0x00007FF69EFC7628]
	(No symbol) [0x00007FF69EFC8791]
	GetHandleVerifier [0x00007FF69F46A00D+3161901]
	GetHandleVerifier [0x00007FF69F4BE060+3506048]
	GetHandleVerifier [0x00007FF69F4B400D+3465005]
	GetHandleVerifier [0x00007FF69F230EEB+830987]
	(No symbol) [0x00007FF69F0E467F]
	(No symbol) [0x00007FF69F0E09D4]
	(No symbol) [0x00007FF69F0E0B6D]
	(No symbol) [0x00007FF69F0D0149]
	BaseThreadInitThunk [0x00007FF81299257D+29]
	RtlUserThreadStart [0x00007FF81408AF08+40]
</msg>
<arg>${minPricePath}</arg>
<arg>${minPrice}</arg>
<doc>Types the given ``text`` into the text field identified by ``locator``.</doc>
<status status="FAIL" start="2024-11-10T02:44:55.647164" elapsed="0.400883">StaleElementReferenceException: Message: stale element reference: stale element not found in the current frame
  (Session info: chrome=130.0.6723.117); For documentation on this error, please visit: https://www.selenium.dev/documentation/webdriver/troubleshooting/errors#stale-element-reference-exception
Stacktrace:
	GetHandleVerifier [0x00007FF69F4438A5+3004357]
	(No symbol) [0x00007FF69F0D9970]
	(No symbol) [0x00007FF69EF8582A]
	(No symbol) [0x00007FF69EF8C2E2]
	(No symbol) [0x00007FF69EF8E637]
	(No symbol) [0x00007FF69EF8E6F0]
	(No symbol) [0x00007FF69EFD6A7C]
	(No symbol) [0x00007FF69EFD6B44]
	(No symbol) [0x00007FF69EFCC867]
	(No symbol) [0x00007FF69EFFBBDA]
	(No symbol) [0x00007FF69EFC92A6]
	(No symbol) [0x00007FF69EFFBDF0]
	(No symbol) [0x00007FF69F01BA4C]
	(No symbol) [0x00007FF69EFFB983]
	(No symbol) [0x00007FF69EFC7628]
	(No symbol) [0x00007FF69EFC8791]
	GetHandleVerifier [0x00007FF69F46A00D+3161901]
	GetHandleVerifier [0x00007FF69F4BE060+3506048]
	GetHandleVerifier [0x00007FF69F4B400D+3465005]
	GetHandleVerifier [0x00007FF69F230EEB+830987]
	(No symbol) [0x00007FF69F0E467F]
	(No symbol) [0x00007FF69F0E09D4]
	(No symbol) [0x00007FF69F0E0B6D]
	(No symbol) [0x00007FF69F0D0149]
	BaseThreadInitThunk [0x00007FF81299257D+29]
	RtlUserThreadStart [0x00007FF81408AF08+40]
</status>
</kw>
<kw name="Input Text" owner="SeleniumLibrary">
<arg>${maxPricePath}</arg>
<arg>${maxPrice}</arg>
<doc>Types the given ``text`` into the text field identified by ``locator``.</doc>
<status status="NOT RUN" start="2024-11-10T02:44:56.048047" elapsed="0.001002"/>
</kw>
<kw name="Click Button" owner="SeleniumLibrary">
<arg>${searchbuttonpath}</arg>
<doc>Clicks the button identified by ``locator``.</doc>
<status status="NOT RUN" start="2024-11-10T02:44:56.049049" elapsed="0.000000"/>
</kw>
<arg>iphone</arg>
<arg>1000</arg>
<arg>40000</arg>
<status status="FAIL" start="2024-11-10T02:44:53.720232" elapsed="2.328817">StaleElementReferenceException: Message: stale element reference: stale element not found in the current frame
  (Session info: chrome=130.0.6723.117); For documentation on this error, please visit: https://www.selenium.dev/documentation/webdriver/troubleshooting/errors#stale-element-reference-exception
Stacktrace:
	GetHandleVerifier [0x00007FF69F4438A5+3004357]
	(No symbol) [0x00007FF69F0D9970]
	(No symbol) [0x00007FF69EF8582A]
	(No symbol) [0x00007FF69EF8C2E2]
	(No symbol) [0x00007FF69EF8E637]
	(No symbol) [0x00007FF69EF8E6F0]
	(No symbol) [0x00007FF69EFD6A7C]
	(No symbol) [0x00007FF69EFD6B44]
	(No symbol) [0x00007FF69EFCC867]
	(No symbol) [0x00007FF69EFFBBDA]
	(No symbol) [0x00007FF69EFC92A6]
	(No symbol) [0x00007FF69EFFBDF0]
	(No symbol) [0x00007FF69F01BA4C]
	(No symbol) [0x00007FF69EFFB983]
	(No symbol) [0x00007FF69EFC7628]
	(No symbol) [0x00007FF69EFC8791]
	GetHandleVerifier [0x00007FF69F46A00D+3161901]
	GetHandleVerifier [0x00007FF69F4BE060+3506048]
	GetHandleVerifier [0x00007FF69F4B400D+3465005]
	GetHandleVerifier [0x00007FF69F230EEB+830987]
	(No symbol) [0x00007FF69F0E467F]
	(No symbol) [0x00007FF69F0E09D4]
	(No symbol) [0x00007FF69F0E0B6D]
	(No symbol) [0x00007FF69F0D0149]
	BaseThreadInitThunk [0x00007FF81299257D+29]
	RtlUserThreadStart [0x00007FF81408AF08+40]
</status>
</kw>
<kw name="Sort Results Randomly" owner="homePage">
<status status="NOT RUN" start="2024-11-10T02:44:56.050050" elapsed="0.000000"/>
</kw>
<status status="FAIL" start="2024-11-10T02:44:48.916957" elapsed="7.133093">StaleElementReferenceException: Message: stale element reference: stale element not found in the current frame
  (Session info: chrome=130.0.6723.117); For documentation on this error, please visit: https://www.selenium.dev/documentation/webdriver/troubleshooting/errors#stale-element-reference-exception
Stacktrace:
	GetHandleVerifier [0x00007FF69F4438A5+3004357]
	(No symbol) [0x00007FF69F0D9970]
	(No symbol) [0x00007FF69EF8582A]
	(No symbol) [0x00007FF69EF8C2E2]
	(No symbol) [0x00007FF69EF8E637]
	(No symbol) [0x00007FF69EF8E6F0]
	(No symbol) [0x00007FF69EFD6A7C]
	(No symbol) [0x00007FF69EFD6B44]
	(No symbol) [0x00007FF69EFCC867]
	(No symbol) [0x00007FF69EFFBBDA]
	(No symbol) [0x00007FF69EFC92A6]
	(No symbol) [0x00007FF69EFFBDF0]
	(No symbol) [0x00007FF69F01BA4C]
	(No symbol) [0x00007FF69EFFB983]
	(No symbol) [0x00007FF69EFC7628]
	(No symbol) [0x00007FF69EFC8791]
	GetHandleVerifier [0x00007FF69F46A00D+3161901]
	GetHandleVerifier [0x00007FF69F4BE060+3506048]
	GetHandleVerifier [0x00007FF69F4B400D+3465005]
	GetHandleVerifier [0x00007FF69F230EEB+830987]
	(No symbol) [0x00007FF69F0E467F]
	(No symbol) [0x00007FF69F0E09D4]
	(No symbol) [0x00007FF69F0E0B6D]
	(No symbol) [0x00007FF69F0D0149]
	BaseThreadInitThunk [0x00007FF81299257D+29]
	RtlUserThreadStart [0x00007FF81408AF08+40]
</status>
</test>
<kw name="Close Browser" owner="SeleniumLibrary" type="TEARDOWN">
<doc>Closes the current browser.</doc>
<status status="PASS" start="2024-11-10T02:44:56.056050" elapsed="2.377705"/>
</kw>
<status status="FAIL" start="2024-11-10T02:44:48.390603" elapsed="10.043152"/>
</suite>
<statistics>
<total>
<stat pass="0" fail="1" skip="0">All Tests</stat>
</total>
<tag>
</tag>
<suite>
<stat pass="0" fail="1" skip="0" id="s1" name="homePage">homePage</stat>
</suite>
</statistics>
<errors>
</errors>
</robot>
