<?xml version="1.0" encoding="UTF-8"?>
<robot generator="Robot 7.0 (Python 3.12.4 on win32)" generated="2024-11-09T23:14:40.473510" rpa="false" schemaversion="5">
<suite id="s1" name="homePage" source="D:\work\dubizzle\tests\homePage.robot">
<test id="s1-t1" name="Search with Multiple Filters" line="19">
<kw name="Open Browser and Maximize" owner="homePage">
<kw name="Open Browser" owner="SeleniumLibrary">
<msg time="2024-11-09T23:14:41.039512" level="INFO">Opening browser 'chrome' to base url 'https://www.dubizzle.com.eg/en/'.</msg>
<arg>${baseUrl}</arg>
<arg>chrome</arg>
<doc>Opens a new browser instance to the optional ``url``.</doc>
<status status="PASS" start="2024-11-09T23:14:41.039512" elapsed="10.089983"/>
</kw>
<kw name="Maximize Browser Window" owner="SeleniumLibrary">
<doc>Maximizes current browser window.</doc>
<status status="PASS" start="2024-11-09T23:14:51.129495" elapsed="0.068922"/>
</kw>
<kw name="Wait Until Element Is Visible" owner="SeleniumLibrary">
<arg>${dubizzleLogoPath}</arg>
<doc>Waits until the element ``locator`` is visible.</doc>
<status status="PASS" start="2024-11-09T23:14:51.198417" elapsed="0.055388"/>
</kw>
<status status="PASS" start="2024-11-09T23:14:41.036949" elapsed="10.216856"/>
</kw>
<kw name="Search with Multiple Filters" owner="homePage">
<kw name="Input Text" owner="SeleniumLibrary">
<msg time="2024-11-09T23:14:51.256743" level="INFO">Typing text 'iphone' into text field 'xpath=//div[@class="_5aeede43"]//input[@type="search"]'.</msg>
<arg>${searchBarFieldPath}</arg>
<arg>${productName}</arg>
<doc>Types the given ``text`` into the text field identified by ``locator``.</doc>
<status status="PASS" start="2024-11-09T23:14:51.256743" elapsed="0.250162"/>
</kw>
<kw name="Click Element" owner="SeleniumLibrary">
<msg time="2024-11-09T23:14:51.507915" level="INFO">Clicking element 'xpath=//button[@aria-label="Search"]'.</msg>
<arg>${searchbuttonpath}</arg>
<doc>Click the element identified by ``locator``.</doc>
<status status="PASS" start="2024-11-09T23:14:51.507915" elapsed="0.327324"/>
</kw>
<kw name="Wait Until Element Is Visible" owner="SeleniumLibrary">
<arg>${searchResultPath}</arg>
<doc>Waits until the element ``locator`` is visible.</doc>
<status status="PASS" start="2024-11-09T23:14:51.836237" elapsed="0.095981"/>
</kw>
<kw name="Wait Until Element Is Visible" owner="SeleniumLibrary">
<arg>${minPricePath}</arg>
<arg>timeout=30s</arg>
<doc>Waits until the element ``locator`` is visible.</doc>
<status status="PASS" start="2024-11-09T23:14:51.932218" elapsed="1.907703"/>
</kw>
<kw name="Wait Until Element Is Enabled" owner="SeleniumLibrary">
<arg>${minPricePath}</arg>
<arg>timeout=20s</arg>
<doc>Waits until the element ``locator`` is enabled.</doc>
<status status="PASS" start="2024-11-09T23:14:53.841022" elapsed="0.036641"/>
</kw>
<kw name="Scroll Element Into View" owner="SeleniumLibrary">
<arg>${minPricePath}</arg>
<doc>Scrolls the element identified by ``locator`` into view.</doc>
<status status="PASS" start="2024-11-09T23:14:53.877663" elapsed="0.293963"/>
</kw>
<kw name="Get WebElement" owner="SeleniumLibrary">
<msg time="2024-11-09T23:14:54.185623" level="INFO">${getInputField} = &lt;selenium.webdriver.remote.webelement.WebElement (session="f0b5deb5ef8b05fdf7f70e794d18e439", element="f.A9E380D4C2D4DCF515BDC3B81D7D9068.d.D794407B9DFFF2FEEBE4C925A23FB4C6.e.7079")&gt;</msg>
<var>${getInputField}</var>
<arg>${minPricePath}</arg>
<doc>Returns the first WebElement matching the given ``locator``.</doc>
<status status="PASS" start="2024-11-09T23:14:54.171626" elapsed="0.013997"/>
</kw>
<kw name="Input Text" owner="SeleniumLibrary">
<msg time="2024-11-09T23:14:54.185623" level="INFO">Typing text '1000' into text field '&lt;selenium.webdriver.remote.webelement.WebElement (session="f0b5deb5ef8b05fdf7f70e794d18e439", element="f.A9E380D4C2D4DCF515BDC3B81D7D9068.d.D794407B9DFFF2FEEBE4C925A23FB4C6.e.7079")&gt;'.</msg>
<msg time="2024-11-09T23:14:54.551966" level="INFO" html="true">&lt;/td&gt;&lt;/tr&gt;&lt;tr&gt;&lt;td colspan="3"&gt;&lt;a href="selenium-screenshot-31.png"&gt;&lt;img src="selenium-screenshot-31.png" width="800px"&gt;&lt;/a&gt;</msg>
<msg time="2024-11-09T23:14:54.551966" level="FAIL">StaleElementReferenceException: Message: stale element reference: stale element not found in the current frame
  (Session info: chrome=130.0.6723.117); For documentation on this error, please visit: https://www.selenium.dev/documentation/webdriver/troubleshooting/errors#stale-element-reference-exception
Stacktrace:
	GetHandleVerifier [0x00007FF7669838A5+3004357]
	(No symbol) [0x00007FF766619970]
	(No symbol) [0x00007FF7664C582A]
	(No symbol) [0x00007FF7664CC2E2]
	(No symbol) [0x00007FF7664CE637]
	(No symbol) [0x00007FF7664CE6F0]
	(No symbol) [0x00007FF766516A7C]
	(No symbol) [0x00007FF766516B44]
	(No symbol) [0x00007FF76650C867]
	(No symbol) [0x00007FF76653BBDA]
	(No symbol) [0x00007FF7665092A6]
	(No symbol) [0x00007FF76653BDF0]
	(No symbol) [0x00007FF76655BA4C]
	(No symbol) [0x00007FF76653B983]
	(No symbol) [0x00007FF766507628]
	(No symbol) [0x00007FF766508791]
	GetHandleVerifier [0x00007FF7669AA00D+3161901]
	GetHandleVerifier [0x00007FF7669FE060+3506048]
	GetHandleVerifier [0x00007FF7669F400D+3465005]
	GetHandleVerifier [0x00007FF766770EEB+830987]
	(No symbol) [0x00007FF76662467F]
	(No symbol) [0x00007FF7666209D4]
	(No symbol) [0x00007FF766620B6D]
	(No symbol) [0x00007FF766610149]
	BaseThreadInitThunk [0x00007FF81299257D+29]
	RtlUserThreadStart [0x00007FF81408AF08+40]
</msg>
<arg>${getInputField}</arg>
<arg>${minPrice}</arg>
<doc>Types the given ``text`` into the text field identified by ``locator``.</doc>
<status status="FAIL" start="2024-11-09T23:14:54.185623" elapsed="0.369850">StaleElementReferenceException: Message: stale element reference: stale element not found in the current frame
  (Session info: chrome=130.0.6723.117); For documentation on this error, please visit: https://www.selenium.dev/documentation/webdriver/troubleshooting/errors#stale-element-reference-exception
Stacktrace:
	GetHandleVerifier [0x00007FF7669838A5+3004357]
	(No symbol) [0x00007FF766619970]
	(No symbol) [0x00007FF7664C582A]
	(No symbol) [0x00007FF7664CC2E2]
	(No symbol) [0x00007FF7664CE637]
	(No symbol) [0x00007FF7664CE6F0]
	(No symbol) [0x00007FF766516A7C]
	(No symbol) [0x00007FF766516B44]
	(No symbol) [0x00007FF76650C867]
	(No symbol) [0x00007FF76653BBDA]
	(No symbol) [0x00007FF7665092A6]
	(No symbol) [0x00007FF76653BDF0]
	(No symbol) [0x00007FF76655BA4C]
	(No symbol) [0x00007FF76653B983]
	(No symbol) [0x00007FF766507628]
	(No symbol) [0x00007FF766508791]
	GetHandleVerifier [0x00007FF7669AA00D+3161901]
	GetHandleVerifier [0x00007FF7669FE060+3506048]
	GetHandleVerifier [0x00007FF7669F400D+3465005]
	GetHandleVerifier [0x00007FF766770EEB+830987]
	(No symbol) [0x00007FF76662467F]
	(No symbol) [0x00007FF7666209D4]
	(No symbol) [0x00007FF766620B6D]
	(No symbol) [0x00007FF766610149]
	BaseThreadInitThunk [0x00007FF81299257D+29]
	RtlUserThreadStart [0x00007FF81408AF08+40]
</status>
</kw>
<kw name="Get From List" owner="Collections">
<var>${maxPriceInput}</var>
<arg>${inputPriceList}</arg>
<arg>2</arg>
<doc>Returns the value specified with an ``index`` from ``list``.</doc>
<status status="NOT RUN" start="2024-11-09T23:14:54.555473" elapsed="0.000000"/>
</kw>
<kw name="Input Text" owner="SeleniumLibrary">
<arg>${maxPriceInput}</arg>
<arg>${maxPrice}</arg>
<doc>Types the given ``text`` into the text field identified by ``locator``.</doc>
<status status="NOT RUN" start="2024-11-09T23:14:54.556479" elapsed="0.000000"/>
</kw>
<kw name="Press Keys" owner="SeleniumLibrary">
<arg>${maxPriceInput}</arg>
<arg>ENTER</arg>
<doc>Simulates the user pressing key(s) to an element or on the active browser.</doc>
<status status="NOT RUN" start="2024-11-09T23:14:54.556479" elapsed="0.000000"/>
</kw>
<kw name="Click Element" owner="SeleniumLibrary">
<arg>${sortBybtnPath}</arg>
<doc>Click the element identified by ``locator``.</doc>
<status status="NOT RUN" start="2024-11-09T23:14:54.556479" elapsed="0.000000"/>
</kw>
<kw name="Wait Until Element Is Visible" owner="SeleniumLibrary">
<arg>${sortByList}</arg>
<doc>Waits until the element ``locator`` is visible.</doc>
<status status="NOT RUN" start="2024-11-09T23:14:54.556479" elapsed="0.000000"/>
</kw>
<kw name="Get WebElements" owner="SeleniumLibrary">
<var>@{sortResultList}</var>
<arg>${sortByList}</arg>
<doc>Returns a list of WebElement objects matching the ``locator``.</doc>
<status status="NOT RUN" start="2024-11-09T23:14:54.557788" elapsed="0.000000"/>
</kw>
<kw name="Get Length" owner="BuiltIn">
<var>${listSize}</var>
<arg>${sortResultList}</arg>
<doc>Returns and logs the length of the given item as an integer.</doc>
<status status="NOT RUN" start="2024-11-09T23:14:54.557788" elapsed="0.000000"/>
</kw>
<kw name="Log" owner="BuiltIn">
<arg>Number of sort options: ${listSize}</arg>
<doc>Logs the given message with the given level.</doc>
<status status="NOT RUN" start="2024-11-09T23:14:54.557788" elapsed="0.000000"/>
</kw>
<kw name="Evaluate" owner="BuiltIn">
<var>${randomIndex}</var>
<arg>random.randint(0, ${listSize} - 1)</arg>
<arg>random</arg>
<doc>Evaluates the given expression in Python and returns the result.</doc>
<status status="NOT RUN" start="2024-11-09T23:14:54.557788" elapsed="0.000000"/>
</kw>
<kw name="Get From List" owner="Collections">
<var>${randomElement}</var>
<arg>${sortResultList}</arg>
<arg>${randomIndex}</arg>
<doc>Returns the value specified with an ``index`` from ``list``.</doc>
<status status="NOT RUN" start="2024-11-09T23:14:54.557788" elapsed="0.000000"/>
</kw>
<kw name="Get Text" owner="SeleniumLibrary">
<var>${randomElementText}</var>
<arg>${randomElement}</arg>
<doc>Returns the text value of the element identified by ``locator``.</doc>
<status status="NOT RUN" start="2024-11-09T23:14:54.557788" elapsed="0.000000"/>
</kw>
<kw name="Log" owner="BuiltIn">
<arg>Random element text: ${randomElementText}</arg>
<doc>Logs the given message with the given level.</doc>
<status status="NOT RUN" start="2024-11-09T23:14:54.558796" elapsed="0.000000"/>
</kw>
<kw name="Click Element" owner="SeleniumLibrary">
<arg>${randomElement}</arg>
<doc>Click the element identified by ``locator``.</doc>
<status status="NOT RUN" start="2024-11-09T23:14:54.558796" elapsed="0.000000"/>
</kw>
<kw name="Get WebElements" owner="SeleniumLibrary">
<var>@{searchResult}</var>
<arg>${searchResultPath}</arg>
<doc>Returns a list of WebElement objects matching the ``locator``.</doc>
<status status="NOT RUN" start="2024-11-09T23:14:54.558796" elapsed="0.000000"/>
</kw>
<kw name="Get Length" owner="BuiltIn">
<var>${listSize}</var>
<arg>${searchResult}</arg>
<doc>Returns and logs the length of the given item as an integer.</doc>
<status status="NOT RUN" start="2024-11-09T23:14:54.558796" elapsed="0.000000"/>
</kw>
<kw name="Log" owner="BuiltIn">
<arg>Number of search results: ${listSize}</arg>
<doc>Logs the given message with the given level.</doc>
<status status="NOT RUN" start="2024-11-09T23:14:54.558796" elapsed="0.000000"/>
</kw>
<kw name="Reload Page" owner="SeleniumLibrary">
<doc>Simulates user reloading page.</doc>
<status status="NOT RUN" start="2024-11-09T23:14:54.558796" elapsed="0.000000"/>
</kw>
<kw name="Wait Until Page Contains Element" owner="SeleniumLibrary">
<arg>xpath=//span[@class='_8206696c']</arg>
<doc>Waits until the element ``locator`` appears on the current page.</doc>
<status status="NOT RUN" start="2024-11-09T23:14:54.558796" elapsed="0.000000"/>
</kw>
<kw name="Get Text" owner="SeleniumLibrary">
<var>${displayedSortOption}</var>
<arg>//span[@class='_8206696c']</arg>
<doc>Returns the text value of the element identified by ``locator``.</doc>
<status status="NOT RUN" start="2024-11-09T23:14:54.558796" elapsed="0.000000"/>
</kw>
<kw name="Should Be Equal As Strings" owner="BuiltIn">
<arg>${displayedSortOption}</arg>
<arg>${randomElementText}</arg>
<doc>Fails if objects are unequal after converting them to strings.</doc>
<status status="NOT RUN" start="2024-11-09T23:14:54.558796" elapsed="0.000000"/>
</kw>
<kw name="Log" owner="BuiltIn">
<arg>Verified that the displayed sort option is: ${displayedSortOption}</arg>
<doc>Logs the given message with the given level.</doc>
<status status="NOT RUN" start="2024-11-09T23:14:54.559796" elapsed="0.000000"/>
</kw>
<arg>iphone</arg>
<arg>1000</arg>
<arg>40000</arg>
<status status="FAIL" start="2024-11-09T23:14:51.255798" elapsed="3.303998">StaleElementReferenceException: Message: stale element reference: stale element not found in the current frame
  (Session info: chrome=130.0.6723.117); For documentation on this error, please visit: https://www.selenium.dev/documentation/webdriver/troubleshooting/errors#stale-element-reference-exception
Stacktrace:
	GetHandleVerifier [0x00007FF7669838A5+3004357]
	(No symbol) [0x00007FF766619970]
	(No symbol) [0x00007FF7664C582A]
	(No symbol) [0x00007FF7664CC2E2]
	(No symbol) [0x00007FF7664CE637]
	(No symbol) [0x00007FF7664CE6F0]
	(No symbol) [0x00007FF766516A7C]
	(No symbol) [0x00007FF766516B44]
	(No symbol) [0x00007FF76650C867]
	(No symbol) [0x00007FF76653BBDA]
	(No symbol) [0x00007FF7665092A6]
	(No symbol) [0x00007FF76653BDF0]
	(No symbol) [0x00007FF76655BA4C]
	(No symbol) [0x00007FF76653B983]
	(No symbol) [0x00007FF766507628]
	(No symbol) [0x00007FF766508791]
	GetHandleVerifier [0x00007FF7669AA00D+3161901]
	GetHandleVerifier [0x00007FF7669FE060+3506048]
	GetHandleVerifier [0x00007FF7669F400D+3465005]
	GetHandleVerifier [0x00007FF766770EEB+830987]
	(No symbol) [0x00007FF76662467F]
	(No symbol) [0x00007FF7666209D4]
	(No symbol) [0x00007FF766620B6D]
	(No symbol) [0x00007FF766610149]
	BaseThreadInitThunk [0x00007FF81299257D+29]
	RtlUserThreadStart [0x00007FF81408AF08+40]
</status>
</kw>
<status status="FAIL" start="2024-11-09T23:14:41.035950" elapsed="13.523846">StaleElementReferenceException: Message: stale element reference: stale element not found in the current frame
  (Session info: chrome=130.0.6723.117); For documentation on this error, please visit: https://www.selenium.dev/documentation/webdriver/troubleshooting/errors#stale-element-reference-exception
Stacktrace:
	GetHandleVerifier [0x00007FF7669838A5+3004357]
	(No symbol) [0x00007FF766619970]
	(No symbol) [0x00007FF7664C582A]
	(No symbol) [0x00007FF7664CC2E2]
	(No symbol) [0x00007FF7664CE637]
	(No symbol) [0x00007FF7664CE6F0]
	(No symbol) [0x00007FF766516A7C]
	(No symbol) [0x00007FF766516B44]
	(No symbol) [0x00007FF76650C867]
	(No symbol) [0x00007FF76653BBDA]
	(No symbol) [0x00007FF7665092A6]
	(No symbol) [0x00007FF76653BDF0]
	(No symbol) [0x00007FF76655BA4C]
	(No symbol) [0x00007FF76653B983]
	(No symbol) [0x00007FF766507628]
	(No symbol) [0x00007FF766508791]
	GetHandleVerifier [0x00007FF7669AA00D+3161901]
	GetHandleVerifier [0x00007FF7669FE060+3506048]
	GetHandleVerifier [0x00007FF7669F400D+3465005]
	GetHandleVerifier [0x00007FF766770EEB+830987]
	(No symbol) [0x00007FF76662467F]
	(No symbol) [0x00007FF7666209D4]
	(No symbol) [0x00007FF766620B6D]
	(No symbol) [0x00007FF766610149]
	BaseThreadInitThunk [0x00007FF81299257D+29]
	RtlUserThreadStart [0x00007FF81408AF08+40]
</status>
</test>
<kw name="Close Browser" owner="SeleniumLibrary" type="TEARDOWN">
<doc>Closes the current browser.</doc>
<status status="PASS" start="2024-11-09T23:14:54.567283" elapsed="2.371467"/>
</kw>
<status status="FAIL" start="2024-11-09T23:14:40.475522" elapsed="16.463228"/>
</suite>
<statistics>
<total>
<stat pass="0" fail="1" skip="0">All Tests</stat>
</total>
<tag>
</tag>
<suite>
<stat pass="0" fail="1" skip="0" id="s1" name="homePage">homePage</stat>
</suite>
</statistics>
<errors>
</errors>
</robot>
