<?xml version="1.0" encoding="UTF-8"?>
<robot generator="Robot 7.0 (Python 3.12.4 on win32)" generated="2024-11-05T01:27:51.126089" rpa="false" schemaversion="5">
<suite id="s1" name="Noon" source="d:\work\noon">
<suite id="s1-s1" name="Tests" source="d:\work\noon\tests">
<suite id="s1-s1-s1" name="homePage" source="d:\work\noon\tests\homePage.robot">
<test id="s1-s1-s1-t1" name="Simple Search Query" line="11">
<kw name="Open Browser and Maximize" owner="homePage">
<kw name="Open Browser" owner="SeleniumLibrary">
<msg time="2024-11-05T01:27:51.684518" level="INFO">Opening browser 'chrome' to base url 'https://www.noon.com//egypt-en/'.</msg>
<arg>${baseUrl}/${path}</arg>
<arg>chrome</arg>
<doc>Opens a new browser instance to the optional ``url``.</doc>
<status status="PASS" start="2024-11-05T01:27:51.684518" elapsed="4.673821"/>
</kw>
<kw name="Maximize Browser Window" owner="SeleniumLibrary">
<doc>Maximizes current browser window.</doc>
<status status="PASS" start="2024-11-05T01:27:56.359341" elapsed="0.065126"/>
</kw>
<kw name="Wait Until Element Is Visible" owner="SeleniumLibrary">
<arg>${noonLogoPath}</arg>
<doc>Waits until the element ``locator`` is visible.</doc>
<status status="PASS" start="2024-11-05T01:27:56.424467" elapsed="0.061436"/>
</kw>
<status status="PASS" start="2024-11-05T01:27:51.683498" elapsed="4.802405"/>
</kw>
<kw name="Search For Product" owner="homePage">
<kw name="Input Text" owner="SeleniumLibrary">
<msg time="2024-11-05T01:27:56.487903" level="INFO">Typing text 'iPhone 13' into text field 'xpath=//input[@id="searchBar"]'.</msg>
<arg>${searchBarFieldPath}</arg>
<arg>${product_name}</arg>
<doc>Types the given ``text`` into the text field identified by ``locator``.</doc>
<status status="PASS" start="2024-11-05T01:27:56.486904" elapsed="0.213746"/>
</kw>
<kw name="Press Keys" owner="SeleniumLibrary">
<msg time="2024-11-05T01:27:56.701160" level="INFO">Sending key(s) ('\\13',) to xpath=//input[@id="searchBar"] element.</msg>
<msg time="2024-11-05T01:27:57.282995" level="INFO">Sending keys \13</msg>
<arg>${searchBarFieldPath}</arg>
<arg>\\13</arg>
<doc>Simulates the user pressing key(s) to an element or on the active browser.</doc>
<status status="PASS" start="2024-11-05T01:27:56.700650" elapsed="0.645959"/>
</kw>
<kw name="Wait Until Element Is Visible" owner="SeleniumLibrary">
<msg time="2024-11-05T01:28:02.761571" level="INFO" html="true">&lt;/td&gt;&lt;/tr&gt;&lt;tr&gt;&lt;td colspan="3"&gt;&lt;a href="selenium-screenshot-1.png"&gt;&lt;img src="selenium-screenshot-1.png" width="800px"&gt;&lt;/a&gt;</msg>
<msg time="2024-11-05T01:28:02.761571" level="FAIL">Element 'xpath=//div[@class="sc-47ce7046-1 fuvgwB"]' not visible after 5 seconds.</msg>
<arg>${searchResultPath}</arg>
<doc>Waits until the element ``locator`` is visible.</doc>
<status status="FAIL" start="2024-11-05T01:27:57.346609" elapsed="5.420337">Element 'xpath=//div[@class="sc-47ce7046-1 fuvgwB"]' not visible after 5 seconds.</status>
</kw>
<kw name="Get WebElements" owner="SeleniumLibrary">
<var>@{searchResult}</var>
<arg>${searchResultPath}</arg>
<doc>Returns a list of WebElement objects matching the ``locator``.</doc>
<status status="NOT RUN" start="2024-11-05T01:28:02.767588" elapsed="0.000000"/>
</kw>
<kw name="Get Length" owner="BuiltIn">
<var>${list_size}</var>
<arg>@{searchResult}</arg>
<doc>Returns and logs the length of the given item as an integer.</doc>
<status status="NOT RUN" start="2024-11-05T01:28:02.768221" elapsed="0.000633"/>
</kw>
<kw name="Log" owner="BuiltIn">
<arg>${list_size}</arg>
<doc>Logs the given message with the given level.</doc>
<status status="NOT RUN" start="2024-11-05T01:28:02.768854" elapsed="0.000536"/>
</kw>
<arg>iPhone 13</arg>
<status status="FAIL" start="2024-11-05T01:27:56.486904" elapsed="6.283114">Element 'xpath=//div[@class="sc-47ce7046-1 fuvgwB"]' not visible after 5 seconds.</status>
</kw>
<status status="FAIL" start="2024-11-05T01:27:51.682498" elapsed="11.088775">Element 'xpath=//div[@class="sc-47ce7046-1 fuvgwB"]' not visible after 5 seconds.</status>
</test>
<kw name="Close Browser" owner="SeleniumLibrary" type="TEARDOWN">
<doc>Closes the current browser.</doc>
<status status="PASS" start="2024-11-05T01:28:02.775543" elapsed="2.237796"/>
</kw>
<status status="FAIL" start="2024-11-05T01:27:51.158283" elapsed="13.855056"/>
</suite>
<status status="FAIL" start="2024-11-05T01:27:51.153282" elapsed="13.863306"/>
</suite>
<status status="FAIL" start="2024-11-05T01:27:51.130089" elapsed="13.888399"/>
</suite>
<statistics>
<total>
<stat pass="0" fail="1" skip="0">All Tests</stat>
</total>
<tag>
</tag>
<suite>
<stat pass="0" fail="1" skip="0" id="s1" name="Noon">Noon</stat>
<stat pass="0" fail="1" skip="0" id="s1-s1" name="Tests">Noon.Tests</stat>
<stat pass="0" fail="1" skip="0" id="s1-s1-s1" name="homePage">Noon.Tests.homePage</stat>
</suite>
</statistics>
<errors>
</errors>
</robot>
